-------------------------------------------------------------------------------
Test set: TestSuite
-------------------------------------------------------------------------------
Tests run: 1, Failures: 1, Errors: 0, Skipped: 0, Time elapsed: 0.931 s <<< FAILURE! - in TestSuite
generateReport(navPages.Navigation)  Time elapsed: 0.835 s  <<< FAILURE!
java.lang.NullPointerException

